0 info it worked if it ends with ok
1 verbose cli [ 'C:\\Program Files\\nodejs\\node.exe',
1 verbose cli   'C:\\Users\\david\\AppData\\Roaming\\npm\\node_modules\\npm\\bin\\npm-cli.js',
1 verbose cli   'start' ]
2 info using npm@3.10.6
3 info using node@v6.4.0
4 verbose run-script [ 'prestart', 'start', 'poststart' ]
5 info lifecycle a2-website@1.0.0~prestart: a2-website@1.0.0
6 silly lifecycle a2-website@1.0.0~prestart: no script for prestart, continuing
7 info lifecycle a2-website@1.0.0~start: a2-website@1.0.0
8 verbose lifecycle a2-website@1.0.0~start: unsafe-perm in lifecycle true
9 verbose lifecycle a2-website@1.0.0~start: PATH: C:\Users\david\AppData\Roaming\npm\node_modules\npm\bin\node-gyp-bin;D:\Sites\udemi\a2websites\node_modules\.bin;C:\Program Files (x86)\cmder\bin;C:\Program Files\Git\bin;C:\Program Files\Git\usr\bin;C:\Program Files\Git\share\vim\vim74;C:\Program Files (x86)\cmder\vendor\conemu-maximus5\ConEmu\Scripts;C:\Program Files (x86)\cmder\vendor\conemu-maximus5;C:\Program Files (x86)\cmder\vendor\conemu-maximus5\ConEmu;C:\tools\ruby23\bin;C:\Windows\system32;C:\Windows;C:\Windows\System32\Wbem;C:\Windows\System32\WindowsPowerShell\v1.0\;C:\Program Files (x86)\Skype\Phone\;C:\Program Files (x86)\NVIDIA Corporation\PhysX\Common;C:\HashiCorp\Vagrant\bin;C:\ProgramData\chocolatey\bin;C:\Program Files\Git\cmd;C:\Program Files\nodejs\;C:\RailsInstaller\Git\cmd;C:\RailsInstaller\Ruby2.2.0\bin;C:\Users\david\AppData\Local\Programs\Python\Python35\Scripts\;C:\Users\david\AppData\Local\Programs\Python\Python35\;C:\tools\cmder;C:\Users\david\AppData\Local\atom\bin;C:\Program Files (x86)\Microsoft VS Code\bin;C:\Users\david\AppData\Roaming\npm;C:\Program Files (x86)\cmder
10 verbose lifecycle a2-website@1.0.0~start: CWD: D:\Sites\udemi\a2websites
11 silly lifecycle a2-website@1.0.0~start: Args: [ '/d /s /c',
11 silly lifecycle   'tsc && concurrently "npm run tsc:w" "npm run lite" ' ]
12 silly lifecycle a2-website@1.0.0~start: Returned: code: 1  signal: null
13 info lifecycle a2-website@1.0.0~start: Failed to exec start script
14 verbose stack Error: a2-website@1.0.0 start: `tsc && concurrently "npm run tsc:w" "npm run lite" `
14 verbose stack Exit status 1
14 verbose stack     at EventEmitter.<anonymous> (C:\Users\david\AppData\Roaming\npm\node_modules\npm\lib\utils\lifecycle.js:255:16)
14 verbose stack     at emitTwo (events.js:106:13)
14 verbose stack     at EventEmitter.emit (events.js:191:7)
14 verbose stack     at ChildProcess.<anonymous> (C:\Users\david\AppData\Roaming\npm\node_modules\npm\lib\utils\spawn.js:40:14)
14 verbose stack     at emitTwo (events.js:106:13)
14 verbose stack     at ChildProcess.emit (events.js:191:7)
14 verbose stack     at maybeClose (internal/child_process.js:852:16)
14 verbose stack     at Process.ChildProcess._handle.onexit (internal/child_process.js:215:5)
15 verbose pkgid a2-website@1.0.0
16 verbose cwd D:\Sites\udemi\a2websites
17 error Windows_NT 10.0.10586
18 error argv "C:\\Program Files\\nodejs\\node.exe" "C:\\Users\\david\\AppData\\Roaming\\npm\\node_modules\\npm\\bin\\npm-cli.js" "start"
19 error node v6.4.0
20 error npm  v3.10.6
21 error code ELIFECYCLE
22 error a2-website@1.0.0 start: `tsc && concurrently "npm run tsc:w" "npm run lite" `
22 error Exit status 1
23 error Failed at the a2-website@1.0.0 start script 'tsc && concurrently "npm run tsc:w" "npm run lite" '.
23 error Make sure you have the latest version of node.js and npm installed.
23 error If you do, this is most likely a problem with the a2-website package,
23 error not with npm itself.
23 error Tell the author that this fails on your system:
23 error     tsc && concurrently "npm run tsc:w" "npm run lite"
23 error You can get information on how to open an issue for this project with:
23 error     npm bugs a2-website
23 error Or if that isn't available, you can get their info via:
23 error     npm owner ls a2-website
23 error There is likely additional logging output above.
24 verbose exit [ 1, true ]
